Start testing: May 29 16:43 EDT
----------------------------------------------------------
1/2 Testing: MyTestFixture.Test1
1/2 Test: MyTestFixture.Test1
Command: "/home/caoheng/projects/cao1629-cpp-lib/build/HelloWorldTest" "--gtest_filter=MyTestFixture.Test1" "--gtest_also_run_disabled_tests"
Directory: /home/caoheng/projects/cao1629-cpp-lib/build
"MyTestFixture.Test1" start time: May 29 16:43 EDT
Output:
----------------------------------------------------------
Running main() from /home/caoheng/projects/cao1629-cpp-lib/googletest/googletest/src/gtest_main.cc
Note: Google Test filter = MyTestFixture.Test1
[==========] Running 1 test from 1 test suite.
[----------] Global test environment set-up.
[----------] 1 test from MyTestFixture
[ RUN      ] MyTestFixture.Test1
[       OK ] MyTestFixture.Test1 (0 ms)
[----------] 1 test from MyTestFixture (0 ms total)

[----------] Global test environment tear-down
[==========] 1 test from 1 test suite ran. (0 ms total)
[  PASSED  ] 1 test.
<end of output>
Test time =   0.00 sec
----------------------------------------------------------
Test Passed.
"MyTestFixture.Test1" end time: May 29 16:43 EDT
"MyTestFixture.Test1" time elapsed: 00:00:00
----------------------------------------------------------

2/2 Testing: MyTestFixture.Test2
2/2 Test: MyTestFixture.Test2
Command: "/home/caoheng/projects/cao1629-cpp-lib/build/HelloWorldTest" "--gtest_filter=MyTestFixture.Test2" "--gtest_also_run_disabled_tests"
Directory: /home/caoheng/projects/cao1629-cpp-lib/build
"MyTestFixture.Test2" start time: May 29 16:43 EDT
Output:
----------------------------------------------------------
Running main() from /home/caoheng/projects/cao1629-cpp-lib/googletest/googletest/src/gtest_main.cc
Note: Google Test filter = MyTestFixture.Test2
[==========] Running 1 test from 1 test suite.
[----------] Global test environment set-up.
[----------] 1 test from MyTestFixture
[ RUN      ] MyTestFixture.Test2
[       OK ] MyTestFixture.Test2 (0 ms)
[----------] 1 test from MyTestFixture (0 ms total)

[----------] Global test environment tear-down
[==========] 1 test from 1 test suite ran. (0 ms total)
[  PASSED  ] 1 test.
<end of output>
Test time =   0.00 sec
----------------------------------------------------------
Test Passed.
"MyTestFixture.Test2" end time: May 29 16:43 EDT
"MyTestFixture.Test2" time elapsed: 00:00:00
----------------------------------------------------------

End testing: May 29 16:43 EDT
