<?xml version="1.0" encoding="UTF-8"?>
<Site BuildName="(empty)"
	BuildStamp="20250528-0309-Experimental"
	Name="(empty)"
	Generator="ctest-3.28.3"
	CompilerName=""
	CompilerVersion=""
	OSName="Linux"
	Hostname="r1"
	OSRelease="6.11.0-24-generic"
	OSVersion="#24~24.04.1-Ubuntu SMP PREEMPT_DYNAMIC Tue Mar 25 20:14:34 UTC 2"
	OSPlatform="x86_64"
	Is64Bits="1"
	VendorString="AuthenticAMD"
	VendorID="Advanced Micro Devices"
	FamilyID="25"
	ModelID="97"
	ProcessorCacheSize="1024"
	NumberOfLogicalCPU="24"
	NumberOfPhysicalCPU="12"
	TotalVirtualMemory="8191"
	TotalPhysicalMemory="31268"
	LogicalProcessorsPerPhysical="2"
	ProcessorClockFrequency="4377.11"
	>
	<Testing>
		<StartDateTime>May 28 11:40 EDT</StartDateTime>
		<StartTestTime>1748446825</StartTestTime>
		<TestList/>
		<EndDateTime>May 28 11:40 EDT</EndDateTime>
		<EndTestTime>1748446825</EndTestTime>
		<ElapsedMinutes>0</ElapsedMinutes>
	</Testing>
</Site>
